[2025-11-23 15:39:47] [ERROR] [[ID: 085001] Nguyen Van An] -> Add Failed: Du lieu khong hop le
[2025-11-23 15:43:51] [ERROR] [[ID: 085001] Nguyen Van An] -> Add Failed: Du lieu khong hop le
[2025-11-23 15:43:51] [ERROR] [[ID: 072002] Tran Thi Bich] -> Add Failed: Du lieu khong hop le
[2025-11-23 15:43:51] [ERROR] [[ID: 061003] Le Van Cuong] -> Add Failed: Du lieu khong hop le
[2025-11-23 15:43:51] [ADD] [[ID: 085001000000] Nguyen Van An] -> Them moi thanh cong
[2025-11-23 15:43:51] [ADD] [[ID: 072002000000] Tran Thi Bich] -> Them moi thanh cong
[2025-11-23 15:43:51] [SEARCH] [[ID: 072002] ] -> Tra cuu that bai (Not Found)
[2025-11-23 15:43:51] [SEARCH] [[ID: 999999] ] -> Tra cuu that bai (Not Found)
[2025-11-23 15:43:51] [ERROR] [[ID: 061003] ] -> Remove Failed: Khong tim thay ID
[2025-11-23 15:46:02] [ERROR] [[ID: 085001] Nguyen Van An] -> Add Failed: Du lieu khong hop le
[2025-11-23 15:46:02] [ERROR] [[ID: 072002] Tran Thi Bich] -> Add Failed: Du lieu khong hop le
[2025-11-23 15:46:02] [ERROR] [[ID: 061003] Le Van Cuong] -> Add Failed: Du lieu khong hop le
[2025-11-23 15:46:02] [ADD] [[ID: 085001000000] Nguyen Van An] -> Them moi thanh cong
[2025-11-23 15:46:02] [ADD] [[ID: 072002000000] Tran Thi Bich] -> Them moi thanh cong
[2025-11-23 15:46:02] [SEARCH] [[ID: 085001000000] Nguyen Van An] -> Tra cuu thanh cong
[2025-11-23 15:46:02] [SEARCH] [[ID: 999999] ] -> Tra cuu that bai (Not Found)
[2025-11-23 15:46:02] [REMOVE] [[ID: 072002000000] ] -> Xoa thanh cong
[2025-11-23 15:51:49] [ADD] [[ID: 0850$@#@##01] Nguyen Van An] -> Them moi thanh cong
[2025-11-23 15:51:49] [ADD] [[ID: 072234234002] Tran Thi Bich] -> Them moi thanh cong
[2025-11-23 15:51:49] [ADD] [[ID: 061002234243] Le Van Cuong] -> Them moi thanh cong
[2025-11-23 15:51:49] [ADD] [[ID: 085001000000] Nguyen Van An] -> Them moi thanh cong
[2025-11-23 15:51:49] [ADD] [[ID: 072002000000] Tran Thi Bich] -> Them moi thanh cong
[2025-11-23 15:51:49] [SEARCH] [[ID: 085001000000] Nguyen Van An] -> Tra cuu thanh cong
[2025-11-23 15:51:49] [SEARCH] [[ID: 999999] ] -> Tra cuu that bai (Not Found)
[2025-11-23 15:51:49] [REMOVE] [[ID: 072002000000] ] -> Xoa thanh cong
[2025-11-23 15:57:20] [ERROR] [[ID: 0850$@#@##01] Nguyen Van An] -> Add Failed: Du lieu khong hop le
[2025-11-23 15:57:20] [ADD] [[ID: 072234234002] Tran Thi Bich] -> Them moi thanh cong
[2025-11-23 15:57:20] [ADD] [[ID: 061002234243] Le Van Cuong] -> Them moi thanh cong
[2025-11-23 15:57:20] [ADD] [[ID: 085001000000] Nguyen Van An] -> Them moi thanh cong
[2025-11-23 15:57:20] [ADD] [[ID: 072002000000] Tran Thi Bich] -> Them moi thanh cong
[2025-11-23 15:57:20] [SEARCH] [[ID: 085001000000] Nguyen Van An] -> Tra cuu thanh cong
[2025-11-23 15:57:20] [SEARCH] [[ID: 999999] ] -> Tra cuu that bai (Not Found)
[2025-11-23 15:57:20] [REMOVE] [[ID: 072002000000] ] -> Xoa thanh cong
[2025-11-23 15:57:26] [ERROR] [[ID: 0850$@#@##01] Nguyen Van An] -> Add Failed: Du lieu khong hop le
[2025-11-23 15:57:27] [ADD] [[ID: 072234234002] Tran Thi Bich] -> Them moi thanh cong
[2025-11-23 15:57:27] [ADD] [[ID: 061002234243] Le Van Cuong] -> Them moi thanh cong
[2025-11-23 15:57:27] [ADD] [[ID: 085001000000] Nguyen Van An] -> Them moi thanh cong
[2025-11-23 15:57:27] [ADD] [[ID: 072002000000] Tran Thi Bich] -> Them moi thanh cong
[2025-11-23 15:57:27] [SEARCH] [[ID: 085001000000] Nguyen Van An] -> Tra cuu thanh cong
[2025-11-23 15:57:27] [SEARCH] [[ID: 999999] ] -> Tra cuu that bai (Not Found)
[2025-11-23 15:57:27] [REMOVE] [[ID: 072002000000] ] -> Xoa thanh cong
[2025-11-23 16:43:44] [ERROR] [[ID: 0850$@#@##01] Nguyen Van An] -> Add Failed: Du lieu khong hop le
[2025-11-23 16:43:44] [ADD] [[ID: 072234234002] Tran Thi Bich] -> Them moi thanh cong
[2025-11-23 16:43:44] [ADD] [[ID: 061002234243] Le Van Cuong] -> Them moi thanh cong
[2025-11-23 16:43:44] [ADD] [[ID: 085001000000] Nguyen Van An] -> Them moi thanh cong
[2025-11-23 16:43:44] [ADD] [[ID: 072002000000] Tran Thi Bich] -> Them moi thanh cong
[2025-11-23 16:43:44] [SEARCH] [[ID: 085001000000] Nguyen Van An] -> Tra cuu thanh cong
[2025-11-23 16:43:44] [SEARCH] [[ID: 999999] ] -> Tra cuu that bai (Not Found)
[2025-11-23 16:43:44] [REMOVE] [[ID: 072002000000] ] -> Xoa thanh cong
